50.9824479067,3.77793393333
50.9824479867,3.77793384
50.982448165,3.777933645
50.98244844,3.77793336167
50.982448665,3.77793313833
50.9824489033,3.77793286833
50.9824491233,3.77793252
50.9824493283,3.7779322
50.9824496333,3.77793185667
50.98245006,3.77793142167
50.9824503333,3.77793100667
50.9824507167,3.77793058333
50.9824509483,3.77793021167
50.9824511767,3.77792992167
50.9824515317,3.77792953667
50.9824518133,3.77792914167
50.9824520467,3.77792885667
50.98245243,3.77792844833
50.9824526783,3.77792809
50.98245293,3.77792774
50.9824532833,3.77792732667
50.98245354,3.77792705333
50.98245388,3.77792670167
50.98245421,3.77792625
50.9824544433,3.77792594167
50.9824547533,3.77792559333
50.98245511,3.777925175
50.982455405,3.777924835
50.9824556283,3.77792451833
50.9824559233,3.77792411
50.9824562167,3.77792376333
50.9824564383,3.77792347833
50.9824567483,3.77792305333
50.9824571083,3.77792259667
50.9824573767,3.77792222
50.9824576683,3.777921875
50.98245792,3.777921545
50.9824581467,3.77792115
50.98245841,3.77792062667
50.9824586517,3.77792022
50.982458915,3.77791989833
50.9824592067,3.77791956167
50.9824594917,3.77791919167
50.9824597667,3.77791875833
50.9824600433,3.77791832833
50.9824603533,3.77791793333
50.9824606767,3.77791748833
50.98246098,3.77791708
50.982461315,3.777916725
50.982461575,3.77791642833
50.9824618633,3.77791605667
50.98246219,3.777915625
50.9824624517,3.777915245
50.9824627883,3.77791481667
50.98246312,3.7779144
50.9824633933,3.77791403833
50.9824637367,3.77791362
50.9824639833,3.77791323833
50.9824643117,3.777912835
50.98246466,3.77791248
50.9824648933,3.77791211833
50.982465265,3.777911715
50.9824656417,3.77791137
50.9824659,3.77791103833
50.9824662767,3.777910575
50.9824665367,3.77791019667
50.98246681,3.77791000167
50.9824671917,3.77790957833
50.9824674817,3.77790927167
50.9824677733,3.77790891
50.982468135,3.777908535
50.9824684017,3.77790825167
50.9824687717,3.77790791
50.982469115,3.77790754833
50.9824693717,3.77790725667
50.9824697167,3.77790690833
50.982470095,3.77790653167
50.9824704167,3.777906245
50.9824707833,3.77790586833
50.9824711817,3.777905555
50.9824715767,3.77790526
50.98247196,3.77790497
50.982472325,3.777904715
50.9824726433,3.77790443
50.9824729767,3.777904105
50.982473225,3.77790385333
50.982473575,3.77790365167
50.9824739033,3.777903445
50.9824741517,3.77790317833
50.98247446,3.77790299
50.9824748083,3.77790266333
50.9824751517,3.77790235333
50.9824754867,3.77790212
50.9824758317,3.77790182667
50.98247624,3.77790157667
50.9824765633,3.777901345
50.9824768883,3.77790103833
50.9824772567,3.77790074833
50.9824776167,3.77790054833
50.9824779283,3.77790030667
50.9824782367,3.77790004167
50.9824785917,3.77789979333
50.9824788983,3.77789955833
50.9824791267,3.77789934833
50.98247943,3.777899115
50.982479715,3.77789895167
50.9824800117,3.77789871833
50.9824802833,3.77789844333
50.982480595,3.77789815333
50.9824809433,3.77789786333
50.9824812533,3.77789764
50.98248157,3.77789732333
50.982481925,3.77789704167
50.98248221,3.777896805
50.9824822533,3.777896565
50.9824822733,3.77789633667
50.9824822883,3.77789601167
50.982482305,3.777895755
50.9824824733,3.77789555333
50.982482705,3.77789528167
50.982482885,3.777895035
50.9824830933,3.777894785
50.9824832883,3.77789450833
50.9824834733,3.77789420667
50.9824836233,3.77789389833
50.982483825,3.77789355833
50.98248409,3.77789318833
50.9824842967,3.777892825
50.9824845117,3.77789247167
50.982484835,3.7778921
50.9824850483,3.7778918
50.982485315,3.77789139833
50.9824856133,3.77789099333
50.9824858017,3.77789060333
50.9824860033,3.77789016167
50.9824863517,3.77788961333
50.9824865683,3.77788922833
50.9824867817,3.77788884833
50.9824870783,3.77788845167
50.9824872833,3.77788807
50.9824875067,3.77788762833
50.9824876967,3.777887195
50.9824879067,3.77788678167
50.9824881417,3.77788631667
50.98248836,3.777885925
50.9824886067,3.777885515
50.9824888667,3.777885055
50.98248908,3.77788462333
50.98248928,3.77788434
50.982489525,3.77788399667
50.9824897017,3.77788361167
50.98248998,3.77788314167
50.9824903017,3.77788258667
50.9824905683,3.77788208667
50.9824908267,3.77788171
50.982491095,3.77788121833
50.98249135,3.77788081167
50.98249163,3.77788039833
50.98249195,3.77787989833
50.9824921983,3.77787942333
50.982492475,3.77787899667
50.98249276,3.777878595
50.9824930567,3.77787818667
50.982493395,3.777877595
50.9824936717,3.77787720167
50.9824940167,3.777876745
50.9824943067,3.777876355
50.982494565,3.77787601167
50.9824949183,3.77787565167
50.982495165,3.77787517
50.9824954583,3.777874765
50.9824957533,3.777874445
50.9824960383,3.77787407
50.9824963683,3.77787366833
50.9824966817,3.77787332333
50.9824969583,3.777872985
50.9824972867,3.77787262167
50.9824976183,3.77787225667
50.982497935,3.77787192833
50.982498275,3.77787153667
50.9824985817,3.77787114833
50.9824988817,3.77787085333
50.982499195,3.77787059333
50.9824994867,3.77787030333
50.98249982,3.77786996833
50.9825001467,3.77786964667
50.9825004717,3.77786939833
50.9825008017,3.77786914667
50.98250113,3.7778689
50.9825014567,3.777868645
50.982501825,3.777868365
50.982502165,3.77786814167
50.9825024517,3.77786796333
50.9825027183,3.77786775833
50.98250301,3.77786757
50.98250334,3.77786732
50.98250365,3.77786713
50.9825039633,3.77786691833
50.98250436,3.77786672667
50.982504765,3.7778665
50.9825050517,3.77786619333
50.9825053783,3.777865925
50.9825057883,3.77786559833
50.982506065,3.77786538167
50.9825063817,3.77786515167
50.98250678,3.777864865
50.98250713,3.77786462333
50.9825073333,3.777864325
50.9825076317,3.777864085
50.9825079917,3.77786382
50.9825082833,3.77786351833
50.98250857,3.77786325667
50.982508905,3.77786297667
50.98250918,3.777862615
50.9825094567,3.77786236167
50.9825097617,3.77786214833
50.982510035,3.777861815
50.982510255,3.77786157667
50.98251044,3.77786133
50.9825105833,3.77786102667
50.9825107133,3.77786080833
50.982510865,3.77786047833
50.9825109817,3.77786010833
50.982511185,3.77785975833
50.9825113683,3.77785941833
50.9825115717,3.77785909333
50.982511815,3.77785865833
50.982512085,3.777858205
50.9825123067,3.77785779333
50.9825125017,3.77785734167
50.9825127167,3.77785690667
50.98251296,3.77785651833
50.98251317,3.77785604833
50.9825134583,3.77785555167
50.9825137783,3.77785507833
50.98251391,3.777854655
50.9825140667,3.777854305
50.9825142983,3.77785379333
50.9825145433,3.7778533
50.982514765,3.777852875
50.9825150733,3.77785237
50.9825152717,3.777851935
50.9825154633,3.777851525
50.98251571,3.77785096167
50.9825159217,3.777850455
50.9825161417,3.77785007833
50.9825164483,3.77784969333
50.982516675,3.77784927667
50.9825169183,3.77784884833
50.9825172067,3.77784840167
50.9825174683,3.77784802167
50.9825176983,3.77784765667
50.98251803,3.77784725
50.9825183717,3.7778469
50.9825187933,3.77784646
50.9825190083,3.77784618
50.982519295,3.77784584167
50.98251972,3.77784533333
50.9825200333,3.77784498
50.9825203767,3.777844585
50.9825206833,3.77784419333
50.9825209517,3.77784387833
50.9825212,3.77784352
50.9825215133,3.77784318
50.9825218083,3.77784275333
50.98252209,3.77784238833
50.9825224217,3.77784210667
50.98252276,3.77784167333
50.9825230767,3.77784124833
50.9825233133,3.77784102833
50.9825235533,3.77784077333
50.98252391,3.77784044167
50.98252428,3.77784013667
50.9825245683,3.77783985333
50.982524935,3.77783962
50.9825252333,3.77783941
50.982525495,3.77783916333
50.9825259067,3.77783876833
50.982526295,3.77783845167
50.9825265767,3.777838155
50.9825269433,3.77783786167
50.982527365,3.77783758167
50.982527725,3.77783724167
50.9825280683,3.777837015
50.9825283867,3.77783673333
50.98252876,3.77783640167
50.9825290417,3.77783616333
50.9825292933,3.77783595167
50.9825296517,3.77783567167
50.9825300567,3.77783532167
50.9825303833,3.77783502
50.9825307,3.77783473833
50.982531005,3.777834485
50.9825313067,3.77783430667
50.9825316367,3.77783402
50.9825320133,3.77783366833
50.9825323767,3.77783340167
50.9825327,3.77783315833
50.9825330017,3.777832865
50.9825332517,3.77783262
50.9825335717,3.77783231833
50.982533985,3.77783198667
50.9825342633,3.77783176333
50.9825345233,3.777831505
50.98253483,3.77783118
50.98253508,3.77783093
50.9825354483,3.77783062167
50.9825358583,3.77783017833
50.9825361833,3.77782991667
50.982536455,3.77782970333
50.9825367983,3.77782938
50.9825371667,3.77782899167
50.9825374067,3.777828815
50.982537625,3.777828565
50.982537845,3.77782832
50.9825380433,3.777828065
50.98253831,3.777827755
50.9825385783,3.777827475
50.9825388367,3.77782717667
50.98253904,3.77782693
50.982539315,3.77782666167
50.9825396217,3.77782637333
50.98253984,3.777826065
50.98254013,3.77782572
50.9825404417,3.77782533333
50.9825406767,3.77782502333
50.9825410083,3.777824645
50.9825413483,3.77782426
50.9825415767,3.77782396333
50.9825418667,3.77782360167
50.9825421117,3.777823235
50.9825424117,3.77782284833
50.982542735,3.77782239667
50.9825430067,3.777822065
50.9825432967,3.77782166
50.982543575,3.77782131833
50.9825438083,3.77782099167
50.982544095,3.77782056167
50.98254434,3.77782022667
50.9825445733,3.77781996667
50.982544835,3.777819615
50.982545055,3.77781927833
50.9825453583,3.77781892167
50.9825456167,3.777818565
50.98254579,3.77781815333
50.98254609,3.77781782667
50.9825463833,3.77781738167
50.9825466217,3.77781702333
50.9825469733,3.77781669833
50.9825472,3.77781632
50.9825474267,3.777815965
50.9825477033,3.77781561333
50.9825479217,3.77781526167
50.982548185,3.77781483
50.98254846,3.777814375
50.9825486867,3.777814005
50.9825490183,3.77781350667
50.9825492383,3.777813165
50.9825494533,3.77781281833
50.9825497217,3.77781241333
50.98254991,3.77781204
50.9825501217,3.77781165833
50.9825504033,3.777811195
50.982550535,3.77781088833
50.9825507433,3.77781056167
50.9825510433,3.77781006833
50.9825512683,3.77780971333
50.9825516233,3.77780924
50.9825519283,3.77780872167
50.9825521583,3.77780830333
50.9825523883,3.77780794833
50.9825526183,3.777807545
50.9825529017,3.77780714667
50.982553135,3.77780669167
50.98255338,3.77780627333
50.9825536617,3.77780581333
50.98255392,3.777805375
50.9825541717,3.77780499167
50.982554415,3.77780461333
50.9825546517,3.77780420333
50.9825548683,3.77780386333
50.9825550617,3.77780344833
50.9825553067,3.77780309667
50.98255562,3.77780262667
50.9825559217,3.77780215667
50.9825562117,3.77780169833
50.9825565083,3.77780116333
50.9825568283,3.77780064667
50.98255713,3.77780026333
50.9825573417,3.77779978167
50.98255767,3.77779933667
50.9825579567,3.77779891833
50.9825582517,3.77779846
50.9825585767,3.77779805833
50.982558825,3.77779772833
50.982559095,3.77779729
50.9825594433,3.77779681
50.9825597717,3.77779654833
50.9825600717,3.77779616333
50.9825603867,3.77779571667
50.9825606567,3.77779533833
50.982561015,3.77779500167
50.98256134,3.77779456667
50.98256163,3.77779422
50.98256194,3.77779387833
50.9825622467,3.77779348667
50.9825625833,3.77779304833
50.98256289,3.77779268667
50.9825631783,3.77779235667
50.9825635,3.77779202
50.9825638117,3.777791605
50.98256416,3.77779127667
50.9825644767,3.77779098
50.9825647767,3.77779067
50.9825650817,3.77779022
50.9825653617,3.77779001167
50.9825657133,3.777789785
50.982566005,3.77778933167
50.9825663817,3.77778903167
50.9825667517,3.77778870167
50.9825671483,3.77778835667
50.9825673233,3.77778816167
50.98256738,3.77778808
50.9825674433,3.777788
50.9825675267,3.77778792667
50.9825676017,3.77778787167
50.9825676333,3.77778782333
50.9825676483,3.77778782167
50.9825676183,3.77778780833
50.98256768,3.77778779667
50.98256768,3.77778779333
50.98256767,3.777787765
50.98256769,3.77778780333
50.9825676767,3.777787765
50.982567655,3.77778778167
50.9825676817,3.77778775
50.9825677067,3.77778778833
50.9825676967,3.77778778833
50.982567695,3.77778777333
50.9825677,3.77778777333
50.9825676817,3.77778779
