50.9824484883,3.77793403667
50.9824485233,3.77793398667
50.9824485433,3.77793395667
50.9824485633,3.77793393833
50.982448695,3.7779338
50.9824489667,3.777933505
50.982449185,3.777933255
50.9824493533,3.77793300833
50.9824496633,3.77793268
50.9824500667,3.777932295
50.982450355,3.777931835
50.9824505717,3.777931565
50.9824508567,3.77793126167
50.98245115,3.77793095667
50.9824513467,3.77793072333
50.9824516933,3.777930375
50.9824521,3.77792991333
50.9824523233,3.77792960167
50.982452595,3.77792923333
50.982452985,3.77792881667
50.98245329,3.77792846833
50.98245365,3.77792809333
50.98245399,3.777927655
50.98245434,3.77792730167
50.9824546183,3.77792698
50.9824549633,3.77792661333
50.98245522,3.77792634
50.9824554733,3.77792603333
50.9824557717,3.77792561167
50.98245603,3.777925295
50.9824562817,3.77792505
50.9824565183,3.77792474333
50.98245675,3.777924475
50.9824570433,3.77792425333
50.982457425,3.77792377833
50.982457665,3.77792339
50.9824579183,3.77792309167
50.98245822,3.77792275
50.9824585783,3.77792238333
50.9824588917,3.77792203667
50.982459225,3.77792156333
50.9824595683,3.77792120167
50.9824598067,3.77792095333
50.9824600767,3.77792063667
50.9824603967,3.77792024833
50.9824606367,3.777919935
50.9824608683,3.77791961
50.9824612017,3.77791917833
50.9824615217,3.77791887833
50.9824617767,3.77791863667
50.9824619917,3.77791823
50.9824622667,3.77791794333
50.9824626617,3.77791760333
50.9824630283,3.77791725667
50.98246337,3.777916925
50.9824637633,3.777916525
50.9824640967,3.77791616833
50.9824644683,3.77791580833
50.9824647417,3.77791545833
50.9824650467,3.77791516833
50.98246538,3.77791478333
50.9824657,3.77791452667
50.9824659917,3.777914275
50.9824662833,3.77791395833
50.9824666117,3.77791363833
50.9824669233,3.77791319333
50.98246721,3.77791285167
50.9824674767,3.77791253167
50.9824678,3.777912215
50.9824680967,3.77791190667
50.98246843,3.77791151167
50.9824687617,3.77791118833
50.9824689633,3.77791094
50.98246919,3.77791061667
50.9824695567,3.77791017833
50.982469915,3.77790976833
50.982470205,3.77790954833
50.9824704467,3.77790922833
50.9824707917,3.77790879167
50.98247105,3.77790849667
50.982471345,3.77790813667
50.9824716917,3.77790771
50.982471955,3.77790747
50.9824722233,3.77790713167
50.9824725567,3.77790678333
50.98247285,3.77790644333
50.9824731233,3.77790608667
50.9824734183,3.77790587833
50.9824737517,3.777905615
50.9824740967,3.77790525
50.9824743033,3.77790501167
50.9824745917,3.77790474333
50.9824749417,3.777904385
50.98247525,3.77790413333
50.98247551,3.777903885
50.9824758633,3.77790355
50.982476185,3.77790325667
50.982476465,3.77790298833
50.9824768017,3.77790263
50.9824771183,3.77790229
50.982477375,3.77790208333
50.9824777133,3.777901845
50.9824780167,3.77790157333
50.982478255,3.77790134667
50.98247852,3.77790105833
50.9824788033,3.77790077333
50.9824790383,3.777900535
50.98247934,3.77790028
50.9824796233,3.77789998167
50.98247989,3.77789979
50.9824801733,3.77789949
50.98248051,3.777899155
50.982480855,3.77789882167
50.982481155,3.77789848333
50.9824815283,3.77789813167
50.9824818717,3.77789783
50.9824821917,3.77789750167
50.9824824717,3.77789725
50.9824827683,3.77789700833
50.98248309,3.77789665
50.982483385,3.77789630833
50.9824836767,3.77789609333
50.9824838817,3.77789588333
50.9824841033,3.77789562667
50.98248438,3.77789539833
50.982484615,3.77789512667
50.9824848067,3.77789491833
50.9824850383,3.77789467333
50.982485315,3.77789436833
50.9824855883,3.77789404167
50.9824859017,3.77789376167
50.9824862383,3.77789339333
50.9824865667,3.77789303833
50.9824869217,3.77789271667
50.98248716,3.777892425
50.982487285,3.77789213
50.9824873867,3.777891925
50.982487525,3.77789164667
50.9824877,3.777891255
50.9824878967,3.77789093833
50.98248815,3.77789058
50.9824884517,3.77789020333
50.982488705,3.77788975333
50.9824889033,3.77788930667
50.982489075,3.77788889333
50.9824892583,3.77788845833
50.982489425,3.77788809
50.9824896417,3.77788772833
50.9824899133,3.77788736667
50.98249012,3.77788699333
50.98249034,3.777886655
50.982490545,3.77788622
50.9824908883,3.77788553
50.9824911183,3.777885035
50.9824912883,3.77788463667
50.9824915317,3.7778842
50.982491775,3.77788370667
50.98249204,3.77788322333
50.9824922833,3.777882715
50.9824924483,3.77788220333
50.9824926933,3.77788174667
50.9824929367,3.777881375
50.9824931167,3.77788094167
50.9824933717,3.77788040833
50.9824936133,3.77787999667
50.98249374,3.7778796
50.9824940233,3.77787906833
50.9824943167,3.77787853667
50.982494545,3.77787814667
50.9824948633,3.77787765
50.9824951233,3.77787724833
50.98249545,3.77787672333
50.9824957383,3.77787626667
50.9824959767,3.777875825
50.9824962417,3.77787540667
50.9824965367,3.77787505833
50.98249683,3.77787464
50.9824970917,3.77787418
50.9824973917,3.77787380833
50.9824976367,3.77787349667
50.982497915,3.77787303333
50.9824982083,3.77787265333
50.9824984683,3.77787234667
50.9824987067,3.77787193333
50.982498985,3.77787154167
50.982499245,3.77787128167
50.9824995333,3.77787091167
50.9824998567,3.77787056167
50.9825001433,3.77787022667
50.9825005067,3.77786985333
50.9825008183,3.777869565
50.98250114,3.77786924333
50.982501425,3.77786885833
50.9825017433,3.77786855167
50.982502055,3.77786835667
50.9825023467,3.777868125
50.9825025867,3.77786789667
50.9825029033,3.77786763833
50.9825031583,3.77786743
50.9825034217,3.77786724167
50.9825037117,3.77786702667
50.9825040617,3.77786670167
50.9825044717,3.77786652833
50.9825047817,3.77786627167
50.9825051083,3.77786593667
50.98250551,3.77786563
50.9825058517,3.7778653
50.9825062183,3.77786505167
50.982506595,3.77786475333
50.9825069817,3.777864455
50.9825072867,3.77786418
50.9825075667,3.77786389833
50.9825078367,3.777863655
50.9825081167,3.77786334833
50.982508415,3.77786301333
50.982508705,3.77786277833
50.98250902,3.77786247833
50.9825092617,3.77786211833
50.9825095617,3.77786185667
50.9825098417,3.77786158
50.9825101433,3.777861275
50.982510435,3.77786097333
50.9825107467,3.77786054833
50.98251098,3.77786019333
50.9825112817,3.7778599
50.982511535,3.77785954167
50.98251179,3.77785925333
50.9825121267,3.777858845
50.98251241,3.77785847667
50.98251265,3.77785806167
50.98251298,3.77785760167
50.9825132117,3.77785726667
50.9825135367,3.77785688833
50.98251387,3.77785634833
50.982514195,3.77785591
50.982514425,3.77785558667
50.9825146367,3.777855265
50.9825148433,3.77785490667
50.9825150983,3.77785444333
50.9825153533,3.77785400833
50.9825155433,3.77785363667
50.982515885,3.77785317833
50.9825162,3.777852645
50.98251641,3.77785233167
50.982516695,3.77785202833
50.9825169783,3.77785155
50.982517315,3.777851045
50.9825176017,3.777850715
50.9825177833,3.77785042
50.982518015,3.77785009167
50.9825181633,3.77784976667
50.9825183467,3.77784957333
50.9825186017,3.77784914
50.9825190133,3.77784872333
50.982519395,3.77784833667
50.9825196117,3.777847865
50.9825198767,3.77784736833
50.9825201983,3.77784695667
50.9825204583,3.77784646
50.9825207,3.777846125
50.9825210233,3.77784574333
50.982521305,3.77784534333
50.9825215333,3.77784495667
50.9825218483,3.77784451167
50.982522105,3.77784400667
50.9825224233,3.77784355667
50.982522705,3.777843095
50.98252298,3.77784267333
50.9825232417,3.777842255
50.9825234933,3.77784188667
50.9825236917,3.777841495
50.9825238933,3.77784112667
50.982524175,3.77784076333
50.9825244433,3.77784036667
50.9825247783,3.77784000667
50.982525045,3.77783968
50.9825252633,3.77783937333
50.9825255483,3.77783897833
50.9825258133,3.77783850167
50.982526155,3.77783813667
50.9825265167,3.77783773
50.9825269167,3.77783733667
50.98252726,3.77783703833
50.98252759,3.77783665167
50.9825279817,3.77783628167
50.9825282767,3.77783593833
50.9825284983,3.77783558333
50.9825287833,3.77783531167
50.98252913,3.777835045
50.982529415,3.77783471667
50.9825297867,3.77783432167
50.9825301217,3.77783413167
50.9825303983,3.77783387
50.982530725,3.77783346667
50.9825310667,3.777833165
50.98253145,3.777832875
50.9825317683,3.77783254333
50.9825321333,3.77783217667
50.9825324483,3.77783188833
50.9825326917,3.77783166833
50.982532985,3.77783135333
50.9825333133,3.777831035
50.9825336767,3.77783067833
50.982534075,3.77783030833
50.9825343483,3.77783006167
50.9825346283,3.77782972333
50.9825349667,3.77782930667
50.9825352183,3.77782897167
50.9825355633,3.77782864833
50.9825358033,3.77782824667
50.98253604,3.77782789167
50.9825364167,3.77782758333
50.98253672,3.77782721333
50.9825370517,3.77782683667
50.9825374233,3.77782652333
50.9825377,3.77782619333
50.9825379833,3.77782581833
50.9825382233,3.77782544333
50.982538505,3.77782509667
50.9825388333,3.77782476833
50.9825391267,3.77782445667
50.982539395,3.77782408
50.9825396533,3.77782369667
50.9825399633,3.77782329333
50.9825402267,3.777822915
50.9825404617,3.77782250333
50.982540825,3.77782209333
50.98254111,3.77782171833
50.9825413867,3.77782136333
50.9825416667,3.77782094167
50.9825418817,3.777820515
50.9825421717,3.77782005
50.9825424567,3.77781962667
50.9825427383,3.77781919333
50.9825430217,3.77781887833
50.9825433117,3.77781845333
50.9825436433,3.77781796167
50.9825439067,3.77781755
50.9825441817,3.77781710167
50.982544495,3.77781654
50.9825447933,3.777816225
50.98254513,3.77781588833
50.982545345,3.77781553667
50.982545605,3.77781519333
50.9825458733,3.77781487667
50.982546075,3.77781449
50.9825463567,3.77781417167
50.9825466017,3.777813825
50.98254695,3.77781343833
50.9825473167,3.77781307833
50.9825475567,3.7778127
50.9825479133,3.77781233333
50.98254824,3.77781204833
50.9825485217,3.77781179833
50.982548835,3.777811455
50.9825491233,3.77781112
50.9825493717,3.777810825
50.9825497317,3.77781051667
50.98255007,3.77781026667
50.9825504,3.77780995833
50.9825507017,3.77780956
50.9825509267,3.77780922167
50.9825511867,3.77780894333
50.98255158,3.77780864333
50.982551925,3.77780835
50.9825522317,3.77780808833
50.9825525733,3.77780780667
50.9825528983,3.777807495
50.9825531967,3.77780715167
50.9825535433,3.777806885
50.9825538783,3.77780656
50.9825541717,3.77780623667
50.9825545533,3.777805955
50.9825549267,3.77780564667
50.98255522,3.77780534
50.98255543,3.77780504667
50.9825556933,3.777804755
50.9825559867,3.77780450333
50.9825562267,3.777804205
50.9825564717,3.77780388667
50.982556785,3.77780359833
50.982557105,3.77780329333
50.98255743,3.77780294667
50.98255774,3.777802535
50.982558135,3.77780216833
50.98255848,3.77780186333
50.9825588,3.77780151333
50.9825591017,3.777801125
50.9825594233,3.77780073
50.982559685,3.77780044333
50.982559945,3.77780018167
50.9825602883,3.77779987333
50.98256053,3.77779959333
50.98256077,3.777799295
50.982561155,3.77779887333
50.9825614183,3.777798515
50.9825616567,3.777798155
50.98256193,3.77779777333
50.9825622117,3.77779743
50.982562505,3.77779702
50.9825627817,3.777796645
50.9825630983,3.777796265
50.9825634117,3.77779586
50.9825636733,3.77779541667
50.98256399,3.77779493667
50.9825642467,3.77779464167
50.9825645083,3.77779429833
50.9825648,3.77779385333
50.9825650617,3.77779350333
50.98256537,3.7777931
50.9825656383,3.77779264667
50.9825658667,3.77779238333
50.9825661267,3.777792085
50.9825662667,3.77779186333
50.9825663183,3.777791765
50.9825663933,3.77779165667
50.9825664417,3.77779159
50.98256647,3.77779150833
50.9825664933,3.77779146667
50.982566535,3.77779143833
50.98256654,3.77779141
50.9825665533,3.777791395
50.9825665567,3.77779138833
50.9825665533,3.777791395
50.98256656,3.7777914
50.9825665617,3.77779137
50.982566575,3.77779139333
50.9825665567,3.77779137667
50.9825665633,3.77779137167
50.982566555,3.77779136333
50.9825665667,3.777791365
50.9825665717,3.77779135333
50.9825665733,3.777791345
50.98256658,3.77779135167
50.9825665933,3.77779135
50.982566575,3.777791355
50.982566575,3.77779133167
