50.9824506067,3.77793155167
50.9824506167,3.77793155
50.982450605,3.777931565
50.982450615,3.77793158
50.9824505983,3.77793155833
50.9824506283,3.77793155167
50.9824506117,3.77793156833
50.9824506117,3.77793153
50.9824506183,3.77793152
50.9824506033,3.77793155
50.9824506083,3.77793154
50.9824506083,3.77793150667
50.9824506583,3.777931455
50.982450835,3.77793126333
50.982451035,3.77793109
50.9824511,3.77793106
50.9824510933,3.77793105
50.9824511067,3.77793100333
50.9824511017,3.777931005
50.98245113,3.777931015
50.9824511633,3.77793094333
50.9824511817,3.77793096167
50.98245116,3.77793100333
50.9824511883,3.77793093833
50.9824513583,3.77793080833
50.9824515517,3.777930645
50.9824517067,3.77793055167
50.98245184,3.77793033167
50.9824520317,3.77793008333
50.9824522383,3.77792987667
50.98245235,3.77792969333
50.982452535,3.77792952167
50.9824527767,3.77792926833
50.982453075,3.77792897333
50.9824532717,3.777928775
50.9824534667,3.77792858167
50.9824536783,3.77792834667
50.982453935,3.77792803667
50.982454105,3.77792783333
50.9824542733,3.77792769333
50.98245451,3.777927385
50.982454815,3.77792705667
50.9824550067,3.777926835
50.98245515,3.77792661667
50.982455375,3.77792635167
50.98245558,3.77792617667
50.9824557283,3.77792601667
50.982455875,3.77792579667
50.9824560517,3.77792554167
50.9824562917,3.777925295
50.9824565017,3.77792509667
50.9824567183,3.77792489167
50.9824569133,3.77792476
50.98245711,3.777924585
50.9824573117,3.77792441
50.9824575167,3.77792414667
50.982457775,3.77792389
50.982457935,3.77792365
50.9824581617,3.77792345667
50.9824583617,3.777923245
50.9824586067,3.77792302833
50.9824588033,3.77792282833
50.9824589933,3.77792258167
50.9824592667,3.77792234333
50.98245949,3.77792208333
50.98245969,3.77792184667
50.9824598733,3.77792165333
50.9824600467,3.77792147833
50.98246021,3.77792133
50.9824603633,3.77792117
50.9824605667,3.77792098
50.982460775,3.77792077333
50.9824609533,3.777920565
50.9824611417,3.777920375
50.9824612933,3.777920125
50.9824614967,3.77791988333
50.9824616733,3.77791963167
50.982461835,3.77791942833
50.9824619883,3.77791929667
50.98246214,3.777919095
50.9824623817,3.777918865
50.9824626483,3.777918555
50.982462825,3.77791832
50.982462975,3.77791809167
50.9824632183,3.77791777
50.9824634483,3.77791747
50.982463615,3.777917195
50.98246385,3.77791685333
50.982464045,3.77791663833
50.9824642183,3.77791641833
50.98246437,3.77791617333
50.9824646233,3.777915895
50.982464755,3.77791565333
50.9824648717,3.77791546333
50.9824650233,3.77791523333
50.982465165,3.77791499667
50.9824653617,3.777914725
50.98246556,3.77791453167
50.9824657333,3.777914285
50.9824660067,3.77791401167
50.982466265,3.77791380333
50.9824663817,3.77791356167
50.982466535,3.77791326833
50.9824667917,3.777912955
50.98246707,3.77791265667
50.9824672217,3.77791243167
50.9824673467,3.77791216
50.9824675983,3.777911915
50.98246784,3.77791161833
50.982468005,3.777911335
50.98246822,3.77791101333
50.9824684333,3.77791072167
50.98246862,3.77791047667
50.9824688,3.777910245
50.9824689883,3.77790998167
50.9824692,3.77790968667
50.9824694267,3.77790942167
50.9824695883,3.77790919667
50.9824697817,3.777908955
50.9824699467,3.77790872167
50.98247011,3.77790847333
50.9824702767,3.777908235
50.9824704533,3.777908
50.9824706483,3.77790765833
50.98247082,3.77790739
50.98247099,3.77790713667
50.9824711817,3.77790688
50.98247135,3.77790662833
50.9824715367,3.77790629333
50.9824718033,3.777905975
50.982472015,3.77790567167
50.982472215,3.77790533333
50.9824724317,3.77790496
50.982472665,3.77790472333
50.9824728267,3.77790454667
50.98247301,3.77790424667
50.9824732517,3.77790393167
50.9824734233,3.77790367167
50.9824736017,3.77790345333
50.98247383,3.777903185
50.982474045,3.77790286333
50.9824742433,3.77790261667
50.9824744083,3.77790237333
50.982474655,3.77790210333
50.9824748467,3.77790181333
50.98247505,3.77790155333
50.982475265,3.77790131667
50.9824755217,3.77790110167
50.9824757233,3.77790082
50.9824759433,3.77790057667
50.98247617,3.77790029833
50.9824763483,3.77789998167
50.9824765567,3.77789968
50.9824767583,3.777899395
50.9824769717,3.77789912833
50.982477205,3.77789882333
50.9824774433,3.77789859333
50.9824776567,3.77789841
50.98247786,3.777898205
50.9824780517,3.77789799833
50.9824782383,3.77789777333
50.9824784433,3.777897575
50.9824786083,3.77789735167
50.9824788133,3.77789717667
50.9824790017,3.77789698167
50.9824791883,3.77789678333
50.98247939,3.77789660833
50.9824796117,3.77789640333
50.982479805,3.77789622333
50.9824799733,3.77789600667
50.982480155,3.77789581167
50.9824803633,3.77789565333
50.982480585,3.777895425
50.9824807933,3.777895235
50.982481015,3.77789503833
50.98248126,3.77789481167
50.9824814633,3.77789462167
50.98248169,3.77789442167
50.9824819267,3.77789417333
50.982482125,3.77789400333
50.982482385,3.77789372333
50.982482635,3.777893545
50.9824828567,3.777893375
50.9824830567,3.77789321
50.9824832867,3.77789302167
50.98248349,3.77789283333
50.9824837233,3.777892615
50.9824839467,3.77789251
50.98248417,3.77789236667
50.98248439,3.777892215
50.9824845667,3.777892035
50.9824847967,3.77789184667
50.98248504,3.77789166333
50.982485285,3.777891495
50.98248552,3.777891315
50.9824857283,3.77789116833
50.9824859117,3.77789095667
50.9824861167,3.777890785
50.9824862967,3.777890645
50.9824865133,3.77789049667
50.9824867633,3.77789031167
50.982486975,3.77789018333
50.98248716,3.77789005833
50.9824873133,3.77788994
50.9824874683,3.77788979167
50.9824876367,3.777889645
50.9824878183,3.77788947667
50.9824880067,3.77788935167
50.9824882083,3.77788919
50.9824883917,3.77788901833
50.9824885917,3.77788884167
50.9824887967,3.77788866833
50.98248897,3.77788851167
50.982489205,3.77788836833
50.982489425,3.77788821167
50.9824896367,3.77788803833
50.9824898633,3.777887865
50.9824901433,3.77788771833
50.982490445,3.77788748
50.9824905933,3.777887325
50.9824907117,3.77788720333
50.9824908067,3.77788708167
50.98249088,3.77788697167
50.9824909,3.77788686833
50.9824910117,3.77788677167
50.98249121,3.77788658333
50.9824913383,3.77788646167
50.9824914617,3.777886335
50.9824915633,3.77788619
50.9824916417,3.77788606833
50.982491775,3.77788592
50.98249192,3.77788579
50.9824920733,3.77788567333
50.9824922283,3.77788550167
50.98249238,3.77788524333
50.982492605,3.77788496667
50.98249272,3.77788482833
50.9824928667,3.77788460667
50.982493015,3.777884435
50.9824931617,3.777884225
50.9824933517,3.777883995
50.9824935483,3.77788373167
50.98249374,3.77788348667
50.982493885,3.77788326167
50.9824940633,3.777883055
50.9824942617,3.77788281833
50.9824944133,3.77788257833
50.9824946283,3.77788240333
50.9824947733,3.77788217667
50.9824949383,3.777881945
50.9824951417,3.77788171
50.982495335,3.77788153
50.982495455,3.77788130833
50.9824955867,3.77788109333
50.9824956833,3.77788092167
50.9824957633,3.777880775
50.98249587,3.77788054
50.9824959783,3.77788032333
50.9824961183,3.777880085
50.9824962717,3.77787982833
50.98249643,3.77787958
50.9824965433,3.77787927333
50.9824966717,3.777879015
50.9824968383,3.77787874667
50.9824970367,3.77787839333
50.9824972,3.77787804
50.982497375,3.777877725
50.9824975233,3.77787736667
50.9824976367,3.77787715667
50.9824977583,3.77787688
50.98249789,3.77787658167
50.9824981067,3.77787618833
50.9824982883,3.77787586667
50.98249836,3.77787564833
50.982498515,3.77787535333
50.9824987183,3.77787503167
50.9824988917,3.77787472333
50.9824990417,3.77787438833
50.9824992133,3.777874065
50.9824994233,3.777873705
50.9824995533,3.77787336
50.9824996917,3.77787304667
50.98249988,3.77787269
50.9825000367,3.77787238333
50.9825001883,3.777872075
50.98250033,3.77787182667
50.9825004217,3.77787154167
50.9825005717,3.77787125833
50.9825007817,3.77787097833
50.9825009183,3.77787068
50.9825010467,3.77787042667
50.9825011717,3.77787018667
50.9825013,3.777869875
50.982501425,3.777869575
50.9825015733,3.77786933167
50.9825017967,3.77786897
50.9825019483,3.77786862167
50.98250208,3.77786823333
50.9825022983,3.77786787833
50.9825024483,3.77786759667
50.9825026033,3.77786724167
50.982502835,3.77786681167
50.982503065,3.77786638333
50.9825032267,3.77786599833
50.9825033783,3.77786569333
50.9825035583,3.77786540667
50.9825037633,3.77786510167
50.9825039133,3.77786482667
50.98250412,3.77786452167
50.9825042783,3.77786425
50.98250441,3.77786393833
50.9825046133,3.77786361333
50.9825047633,3.77786331833
50.9825049117,3.77786308667
50.9825050817,3.77786276667
50.9825053183,3.77786240167
50.98250557,3.77786206
50.9825058167,3.77786173167
50.9825060667,3.77786134167
50.9825062267,3.77786103167
50.9825064067,3.77786069667
50.9825066417,3.777860325
50.9825069167,3.77785996
50.9825070783,3.777859735
50.9825072717,3.77785946333
50.9825074517,3.77785912667
50.9825076483,3.777858915
50.9825077967,3.77785868333
50.982507995,3.77785841
50.9825081633,3.7778581
50.9825083583,3.77785783167
50.9825085183,3.777857555
50.9825087133,3.77785729
50.9825088983,3.77785702333
50.98250905,3.77785678
50.9825091783,3.77785659167
50.9825093567,3.77785635833
50.9825095667,3.77785607167
50.9825097517,3.77785581
50.9825100083,3.77785549667
50.9825102283,3.77785517667
50.9825104583,3.777854835
50.9825106917,3.77785454
50.9825109033,3.77785418
50.98251115,3.77785391667
50.982511415,3.77785367
50.98251158,3.77785339833
50.9825118033,3.777853115
50.98251204,3.77785273333
50.9825122683,3.77785241333
50.98251252,3.77785217667
50.98251278,3.777851965
50.98251301,3.77785167167
50.9825131967,3.777851405
50.982513475,3.77785115
50.9825137317,3.77785087
50.9825139583,3.77785064167
50.98251418,3.7778503
50.9825144167,3.77785005333
50.9825146317,3.77784978167
50.9825148467,3.77784953333
50.9825150283,3.77784933667
50.9825152483,3.77784906833
50.9825155333,3.777848875
50.9825157883,3.77784859667
50.98251601,3.77784832667
50.9825162433,3.77784809
50.9825164983,3.77784783333
50.982516735,3.77784764333
50.9825169267,3.777847455
50.9825171067,3.77784719833
50.982517345,3.77784693667
50.982517615,3.77784662833
50.9825178617,3.77784646
50.98251807,3.77784630333
50.9825182917,3.777846105
50.982518525,3.77784591333
50.9825187417,3.777845705
50.98251894,3.77784547167
50.9825192267,3.77784526667
50.9825195117,3.77784502333
50.98251975,3.777844765
50.9825200517,3.77784445667
50.98252042,3.77784415333
50.9825206467,3.77784386667
50.9825208683,3.77784370833
50.9825211517,3.777843455
50.9825214367,3.77784322167
50.9825216983,3.77784305167
50.9825219333,3.77784287667
50.9825221683,3.77784267333
50.9825224067,3.777842405
50.9825226067,3.777842235
50.9825227933,3.77784206
50.9825230217,3.77784186
50.9825232483,3.77784166667
50.9825234417,3.77784139333
50.9825237367,3.777841105
50.9825240017,3.77784091333
50.9825241817,3.77784074
50.9825244117,3.77784054167
50.9825246367,3.77784037667
50.9825248017,3.77784025167
50.9825249767,3.77784008833
50.9825252067,3.77783984833
50.982525485,3.77783961
50.982525715,3.77783947333
50.9825259117,3.77783931667
50.982526115,3.777839115
50.9825263433,3.77783887333
50.9825265433,3.77783872
50.9825267667,3.77783849333
50.98252701,3.777838275
50.982527345,3.77783806667
50.9825275967,3.777837815
50.9825278267,3.77783755
50.9825280717,3.77783735833
50.9825282717,3.77783714833
50.9825284883,3.77783697833
50.982528705,3.7778368
50.9825289533,3.77783663167
50.9825291383,3.77783643
50.9825293433,3.77783624667
50.9825295717,3.77783607167
50.982529775,3.77783588667
50.9825299983,3.77783567333
50.9825302067,3.77783549833
50.9825303983,3.77783528833
50.98253061,3.77783508
50.9825308317,3.77783485833
50.9825310383,3.77783471
50.9825312683,3.77783451167
50.9825315033,3.77783424667
50.9825317583,3.77783400833
50.982531945,3.77783382333
50.9825321183,3.777833585
50.9825323167,3.77783337333
50.9825325167,3.77783321
50.9825326783,3.77783305
50.982532885,3.77783283167
50.9825331033,3.77783261833
50.9825333517,3.77783241167
50.982533525,3.77783226
50.9825337083,3.77783206167
50.9825339,3.777831845
50.9825341167,3.77783165833
50.9825343033,3.77783143833
50.98253448,3.77783119667
50.98253469,3.777830925
50.9825349017,3.77783069333
50.9825350517,3.777830495
50.9825352317,3.77783032
50.982535415,3.77783011667
50.9825356567,3.77782987333
50.9825358367,3.77782967167
50.98253602,3.77782944167
50.982536175,3.77782921333
50.982536365,3.77782895
50.9825365333,3.77782874833
50.9825367167,3.777828515
50.982536905,3.777828315
50.98253708,3.77782809833
50.9825372083,3.77782790167
50.9825373633,3.77782771
50.982537545,3.77782746167
50.9825377317,3.77782724167
50.98253792,3.77782705833
50.9825381033,3.77782680167
50.9825382733,3.777826525
50.9825384417,3.77782632333
50.98253862,3.777826115
50.9825387583,3.77782586667
50.9825389333,3.77782561833
50.9825391433,3.77782533667
50.9825393667,3.777825095
50.9825395767,3.77782487167
50.9825397867,3.77782454
50.9825400467,3.77782423167
50.982540205,3.77782400167
50.9825403333,3.777823785
50.9825405533,3.777823445
50.982540785,3.77782320333
50.9825409567,3.777822955
50.9825411733,3.777822665
50.982541345,3.77782242833
50.9825415183,3.77782215167
50.9825417283,3.77782194
50.9825419,3.77782166667
50.9825420917,3.77782144833
50.9825422267,3.777821215
50.9825424133,3.77782095
50.9825426017,3.7778207
50.98254276,3.77782043167
50.9825429217,3.77782010333
50.9825431133,3.77781982
50.9825433117,3.777819575
50.9825435183,3.77781938167
50.98254368,3.777819075
50.9825438883,3.777818695
50.9825441233,3.77781840667
50.9825443217,3.77781817333
50.98254451,3.777817875
50.9825447483,3.77781754667
50.982544985,3.77781727833
50.9825451767,3.777817045
50.982545365,3.777816815
50.982545605,3.777816565
50.9825458117,3.77781631333
50.9825459817,3.77781599
50.9825461733,3.77781567833
50.9825463633,3.77781541
50.98254654,3.77781518667
50.9825467067,3.77781495
50.9825469567,3.77781469833
50.9825471467,3.77781448333
50.982547265,3.77781426833
50.9825474417,3.77781402167
50.9825476567,3.77781369833
50.9825478567,3.77781339667
50.98254801,3.77781316167
50.9825481717,3.77781293
50.98254839,3.77781263833
50.9825485767,3.77781236333
50.98254874,3.77781206667
50.9825489317,3.77781176833
50.9825491083,3.77781145167
50.9825493317,3.77781110667
50.982549555,3.77781078
50.9825498283,3.77781047167
50.9825500133,3.77781017667
50.98255016,3.77780997
50.982550335,3.77780974
50.9825505367,3.77780944167
50.9825507183,3.77780922667
50.9825508933,3.77780894167
50.9825511017,3.77780869667
50.98255128,3.777808505
50.9825514567,3.77780828
50.9825516333,3.77780800333
50.9825518033,3.77780771
50.98255199,3.77780743
50.9825520917,3.77780717333
50.9825522367,3.77780689333
50.9825524517,3.77780665333
50.9825526617,3.77780637167
50.982552855,3.77780607333
50.9825530267,3.77780576333
50.982553275,3.777805475
50.9825534483,3.77780521333
50.9825535883,3.77780490833
50.98255381,3.77780457333
50.9825540117,3.77780422667
50.9825542367,3.77780389833
50.9825544933,3.77780358333
50.98255473,3.77780318833
50.982554915,3.77780291
50.98255508,3.77780261833
50.9825552483,3.77780235667
50.9825554483,3.77780214333
50.98255559,3.777801875
50.9825558017,3.77780162667
50.9825560067,3.77780135167
50.9825561183,3.77780107833
50.9825562967,3.77780078333
50.9825565283,3.777800415
50.98255675,3.77780008333
50.98255692,3.77779982667
50.98255711,3.77779958833
50.9825572417,3.7777993
50.9825574067,3.77779899
50.9825576133,3.77779867167
50.982557805,3.77779834667
50.9825580433,3.77779800333
50.982558245,3.77779766333
50.9825584633,3.77779736333
50.9825586867,3.77779704167
50.9825588767,3.777796605
50.98255912,3.77779624833
50.98255937,3.77779596167
50.9825595883,3.77779569167
50.9825598,3.77779542167
50.982560035,3.77779514833
50.9825601883,3.77779485833
50.9825603767,3.777794545
50.9825606217,3.77779419833
50.9825608667,3.77779388167
50.9825611233,3.77779360667
50.9825613467,3.77779323333
50.98256154,3.777792885
50.9825617283,3.77779256833
50.9825619567,3.77779221333
50.9825621917,3.777791915
50.98256243,3.77779166167
50.9825626433,3.77779132333
50.9825628733,3.777791
50.982563085,3.77779071833
50.9825632583,3.77779040667
50.9825634617,3.77779011667
50.9825636683,3.77778983167
50.9825638733,3.777789565
50.9825641283,3.777789215
50.9825643583,3.77778894333
50.9825645583,3.777788735
50.9825647767,3.777788405
50.98256502,3.77778813
50.9825652417,3.777787935
50.9825653633,3.777787715
50.982565505,3.7777876
50.982565585,3.777787475
50.9825656267,3.777787405
50.9825656817,3.77778737167
50.9825657033,3.77778735833
50.98256571,3.77778733833
50.9825657183,3.777787315
50.9825657367,3.77778729833
50.9825657233,3.77778731333
50.9825657517,3.77778730333
50.982565735,3.77778729667
50.9825657417,3.77778729
50.982565735,3.77778726333
50.9825657517,3.77778730833
50.9825657233,3.77778729
50.98256575,3.77778726
50.982565735,3.77778726167
50.9825657467,3.77778728333
50.9825657183,3.77778724833
